<?xml version="1.0" encoding="UTF-8"?>
<!-- Generated by org.testng.reporters.JUnitXMLReporter -->
<testsuite hostname="DESKTOP-8EQSD1V" ignored="0" name="Default test" tests="3" failures="0" timestamp="2021-02-08T12:47:50 IST" time="13.701" errors="0">
  <testcase name="googleLogoTest" time="0.094" classname="com.TestRunner.GoogleTitleTest"/>
  <testcase name="googleTitle" time="0.008" classname="com.TestRunner.GoogleTitleTest"/>
  <testcase name="googlemailTest" time="0.061" classname="com.TestRunner.GoogleTitleTest"/>
</testsuite> <!-- Default test -->
