<?xml version="1.0" encoding="UTF-8"?>
<testng-results skipped="0" failed="0" ignored="0" total="1" passed="1">
  <reporter-output>
  </reporter-output>
  <suite name="Default suite" duration-ms="50855" started-at="2021-03-24T23:05:06 IST" finished-at="2021-03-24T23:05:56 IST">
    <groups>
    </groups>
    <test name="Default test" duration-ms="50855" started-at="2021-03-24T23:05:06 IST" finished-at="2021-03-24T23:05:56 IST">
      <class name="com.TestRunner.FindBrokenLinnk">
        <test-method status="PASS" signature="BrokenLinkAre()[pri:0, instance:com.TestRunner.FindBrokenLinnk@7d70d1b1]" name="BrokenLinkAre" duration-ms="50802" started-at="2021-03-24T23:05:06 IST" finished-at="2021-03-24T23:05:56 IST">
          <reporter-output>
          </reporter-output>
        </test-method> <!-- BrokenLinkAre -->
      </class> <!-- com.TestRunner.FindBrokenLinnk -->
    </test> <!-- Default test -->
  </suite> <!-- Default suite -->
</testng-results>
