<?xml version="1.0" encoding="UTF-8"?>
<testng-results skipped="0" failed="0" ignored="0" total="3" passed="3">
  <reporter-output>
  </reporter-output>
  <suite name="Default suite" duration-ms="13701" started-at="2021-02-08T12:47:36 IST" finished-at="2021-02-08T12:47:50 IST">
    <groups>
    </groups>
    <test name="Default test" duration-ms="13701" started-at="2021-02-08T12:47:36 IST" finished-at="2021-02-08T12:47:50 IST">
      <class name="com.TestRunner.GoogleTitleTest">
        <test-method status="PASS" signature="setup()[pri:0, instance:com.TestRunner.GoogleTitleTest@6ec8211c]" name="setup" is-config="true" duration-ms="4185" started-at="2021-02-08T12:47:36 IST" finished-at="2021-02-08T12:47:40 IST">
          <reporter-output>
          </reporter-output>
        </test-method> <!-- setup -->
        <test-method status="PASS" signature="googleLogoTest()[pri:0, instance:com.TestRunner.GoogleTitleTest@6ec8211c]" name="googleLogoTest" duration-ms="94" started-at="2021-02-08T12:47:40 IST" finished-at="2021-02-08T12:47:40 IST">
          <reporter-output>
          </reporter-output>
        </test-method> <!-- googleLogoTest -->
        <test-method status="PASS" signature="tearDown()[pri:0, instance:com.TestRunner.GoogleTitleTest@6ec8211c]" name="tearDown" is-config="true" duration-ms="702" started-at="2021-02-08T12:47:40 IST" finished-at="2021-02-08T12:47:41 IST">
          <reporter-output>
          </reporter-output>
        </test-method> <!-- tearDown -->
        <test-method status="PASS" signature="setup()[pri:0, instance:com.TestRunner.GoogleTitleTest@6ec8211c]" name="setup" is-config="true" duration-ms="3375" started-at="2021-02-08T12:47:41 IST" finished-at="2021-02-08T12:47:44 IST">
          <reporter-output>
          </reporter-output>
        </test-method> <!-- setup -->
        <test-method status="PASS" signature="googleTitle()[pri:0, instance:com.TestRunner.GoogleTitleTest@6ec8211c]" name="googleTitle" duration-ms="8" started-at="2021-02-08T12:47:44 IST" finished-at="2021-02-08T12:47:44 IST">
          <reporter-output>
          </reporter-output>
        </test-method> <!-- googleTitle -->
        <test-method status="PASS" signature="tearDown()[pri:0, instance:com.TestRunner.GoogleTitleTest@6ec8211c]" name="tearDown" is-config="true" duration-ms="767" started-at="2021-02-08T12:47:44 IST" finished-at="2021-02-08T12:47:45 IST">
          <reporter-output>
          </reporter-output>
        </test-method> <!-- tearDown -->
        <test-method status="PASS" signature="setup()[pri:0, instance:com.TestRunner.GoogleTitleTest@6ec8211c]" name="setup" is-config="true" duration-ms="3249" started-at="2021-02-08T12:47:45 IST" finished-at="2021-02-08T12:47:48 IST">
          <reporter-output>
          </reporter-output>
        </test-method> <!-- setup -->
        <test-method status="PASS" signature="googlemailTest()[pri:0, instance:com.TestRunner.GoogleTitleTest@6ec8211c]" name="googlemailTest" duration-ms="61" started-at="2021-02-08T12:47:48 IST" finished-at="2021-02-08T12:47:48 IST">
          <reporter-output>
          </reporter-output>
        </test-method> <!-- googlemailTest -->
        <test-method status="PASS" signature="tearDown()[pri:0, instance:com.TestRunner.GoogleTitleTest@6ec8211c]" name="tearDown" is-config="true" duration-ms="1212" started-at="2021-02-08T12:47:48 IST" finished-at="2021-02-08T12:47:50 IST">
          <reporter-output>
          </reporter-output>
        </test-method> <!-- tearDown -->
      </class> <!-- com.TestRunner.GoogleTitleTest -->
    </test> <!-- Default test -->
  </suite> <!-- Default suite -->
</testng-results>
